0 verbose cli C:\Program Files\nodejs\node.exe C:\Users\Ndeye Nini\AppData\Roaming\npm\node_modules\npm\bin\npm-cli.js
1 info using npm@10.2.1
2 info using node@v18.17.1
3 timing npm:load:whichnode Completed in 4ms
4 timing config:load:defaults Completed in 7ms
5 timing config:load:file:C:\Users\Ndeye Nini\AppData\Roaming\npm\node_modules\npm\npmrc Completed in 12ms
6 timing config:load:builtin Completed in 13ms
7 timing config:load:cli Completed in 3ms
8 timing config:load:env Completed in 3ms
9 timing config:load:file:C:\Users\Ndeye Nini\Desktop\keur yeurmandé\yeurmande\.npmrc Completed in 1ms
10 timing config:load:project Completed in 4ms
11 timing config:load:file:C:\Users\Ndeye Nini\.npmrc Completed in 1ms
12 timing config:load:user Completed in 2ms
13 timing config:load:file:C:\Users\Ndeye Nini\AppData\Roaming\npm\etc\npmrc Completed in 3ms
14 timing config:load:global Completed in 3ms
15 timing config:load:setEnvs Completed in 3ms
16 timing config:load Completed in 40ms
17 timing npm:load:configload Completed in 40ms
18 timing config:load:flatten Completed in 12ms
19 timing npm:load:mkdirpcache Completed in 1ms
20 timing npm:load:mkdirplogs Completed in 4ms
21 verbose title npm start
22 verbose argv "start"
23 timing npm:load:setTitle Completed in 3ms
24 timing npm:load:display Completed in 4ms
25 verbose logfile logs-max:10 dir:C:\Users\Ndeye Nini\Desktop\keur yeurmandé\yeurmande\Devnpm-repositorynpm-cache\_logs\2023-11-13T13_14_13_470Z-
26 verbose logfile C:\Users\Ndeye Nini\Desktop\keur yeurmandé\yeurmande\Devnpm-repositorynpm-cache\_logs\2023-11-13T13_14_13_470Z-debug-0.log
27 timing npm:load:logFile Completed in 92ms
28 timing npm:load:timers Completed in 1ms
29 timing npm:load:configScope Completed in 0ms
30 timing npm:load Completed in 239ms
31 silly logfile done cleaning log files
32 http fetch GET 200 https://registry.npmjs.org/npm 640ms (cache miss)
33 http fetch GET 200 https://registry.npmjs.org/npm 711ms (cache miss)
34 timing command:run-script Completed in 549772ms
35 timing command:start Completed in 549873ms
36 notice
36 notice New [32mpatch[39m version of npm available! [31m10.2.1[39m -> [32m10.2.3[39m
36 notice Changelog: [36mhttps://github.com/npm/cli/releases/tag/v10.2.3[39m
36 notice Run [32mnpm install -g npm@10.2.3[39m to update!
36 notice
37 verbose exit 3221225786
38 timing npm Completed in 550886ms
39 verbose code 3221225786
