0 verbose cli C:\Program Files\nodejs\node.exe C:\Users\Ndeye Nini\AppData\Roaming\npm\node_modules\npm\bin\npm-cli.js
1 info using npm@10.2.1
2 info using node@v18.17.1
3 timing npm:load:whichnode Completed in 4ms
4 timing config:load:defaults Completed in 8ms
5 timing config:load:file:C:\Users\Ndeye Nini\AppData\Roaming\npm\node_modules\npm\npmrc Completed in 12ms
6 timing config:load:builtin Completed in 13ms
7 timing config:load:cli Completed in 7ms
8 timing config:load:env Completed in 2ms
9 timing config:load:file:c:\Users\Ndeye Nini\Desktop\keur yeurmandé\yeurmande\.npmrc Completed in 0ms
10 timing config:load:project Completed in 5ms
11 timing config:load:file:C:\Users\Ndeye Nini\.npmrc Completed in 0ms
12 timing config:load:user Completed in 1ms
13 timing config:load:file:C:\Users\Ndeye Nini\AppData\Roaming\npm\etc\npmrc Completed in 4ms
14 timing config:load:global Completed in 5ms
15 timing config:load:setEnvs Completed in 3ms
16 timing config:load Completed in 45ms
17 timing npm:load:configload Completed in 45ms
18 timing config:load:flatten Completed in 9ms
19 timing npm:load:mkdirpcache Completed in 1ms
20 timing npm:load:mkdirplogs Completed in 1ms
21 verbose title npm view web-vitals description dist-tags.latest homepage version time
22 verbose argv "view" "--json" "--" "web-vitals" "description" "dist-tags.latest" "homepage" "version" "time"
23 timing npm:load:setTitle Completed in 3ms
24 timing npm:load:display Completed in 1ms
25 verbose logfile logs-max:10 dir:C:\Users\Ndeye Nini\Desktop\keur yeurmandé\yeurmande\Devnpm-repositorynpm-cache\_logs\2023-11-13T13_43_34_382Z-
26 verbose logfile C:\Users\Ndeye Nini\Desktop\keur yeurmandé\yeurmande\Devnpm-repositorynpm-cache\_logs\2023-11-13T13_43_34_382Z-debug-0.log
27 timing npm:load:logFile Completed in 39ms
28 timing npm:load:timers Completed in 1ms
29 timing npm:load:configScope Completed in 0ms
30 timing npm:load Completed in 181ms
31 silly logfile done cleaning log files
32 http fetch GET 200 https://registry.npmjs.org/web-vitals 570ms (cache miss)
33 timing command:view Completed in 625ms
34 verbose exit 0
35 timing npm Completed in 1826ms
36 info ok
